<?xml version="1.0" encoding="UTF-8"?>
<!-- Generated by org.testng.reporters.JUnitReportReporter -->
<testsuite name="com.scoqa.LoginM" tests="3" time="74.135" ignored="0" failures="0" timestamp="28 Apr 2017 06:08:39 GMT" skipped="0" hostname="SUPAL-T440S" errors="0">
  <testcase name="switchToTenant" time="30.760" classname="com.scoqa.LoginM"/>
  <testcase name="login" time="20.566" classname="com.scoqa.LoginM"/>
  <testcase name="logoff" time="22.809" classname="com.scoqa.LoginM"/>
</testsuite> <!-- com.scoqa.LoginM -->
