<?xml version="1.0" encoding="UTF-8"?>
<!-- Generated by org.testng.reporters.JUnitReportReporter -->
<testsuite name="com.scoqa.LoginM" tests="3" time="232.992" ignored="0" failures="0" timestamp="29 Apr 2017 10:37:00 GMT" skipped="0" hostname="SUPAL-T440S" errors="0">
  <testcase name="switchToTenant" time="104.650" classname="com.scoqa.LoginM"/>
  <testcase name="login" time="54.484" classname="com.scoqa.LoginM"/>
  <testcase name="logoff" time="73.858" classname="com.scoqa.LoginM"/>
</testsuite> <!-- com.scoqa.LoginM -->
