<?xml version="1.0" encoding="UTF-8"?>
<!-- Generated by org.testng.reporters.JUnitReportReporter -->
<testsuite name="com.scoqa.LoginM" tests="3" time="471.235" ignored="0" failures="0" timestamp="01 May 2017 06:30:35 GMT" skipped="0" hostname="SUPAL-T440S" errors="0">
  <testcase name="login" time="143.509" classname="com.scoqa.LoginM"/>
  <testcase name="switchToTenant" time="151.832" classname="com.scoqa.LoginM"/>
  <testcase name="logoff" time="175.894" classname="com.scoqa.LoginM"/>
</testsuite> <!-- com.scoqa.LoginM -->
