<?xml version="1.0" encoding="UTF-8"?>
<!-- Generated by org.testng.reporters.JUnitReportReporter -->
<testsuite name="com.scoqa.LoginM" tests="3" time="363.078" ignored="0" failures="0" timestamp="28 Apr 2017 18:11:15 GMT" skipped="0" hostname="SUPAL-T440S" errors="0">
  <testcase name="login" time="134.781" classname="com.scoqa.LoginM"/>
  <testcase name="switchToTenant" time="114.139" classname="com.scoqa.LoginM"/>
  <testcase name="logoff" time="114.158" classname="com.scoqa.LoginM"/>
</testsuite> <!-- com.scoqa.LoginM -->
