<?xml version="1.0" encoding="UTF-8"?>
<!-- Generated by org.testng.reporters.JUnitReportReporter -->
<testsuite name="com.scoqa.LoginM" tests="3" time="430.437" ignored="0" failures="0" timestamp="01 May 2017 08:05:01 GMT" skipped="0" hostname="SUPAL-T440S" errors="0">
  <testcase name="switchToTenant" time="144.578" classname="com.scoqa.LoginM"/>
  <testcase name="login" time="147.727" classname="com.scoqa.LoginM"/>
  <testcase name="logoff" time="138.132" classname="com.scoqa.LoginM"/>
</testsuite> <!-- com.scoqa.LoginM -->
