<?xml version="1.0" encoding="UTF-8"?>
<!-- Generated by org.testng.reporters.JUnitReportReporter -->
<testsuite name="com.scoqa.LoginM" tests="3" time="36.808" ignored="0" failures="0" timestamp="28 Apr 2017 06:31:05 GMT" skipped="0" hostname="SUPAL-T440S" errors="0">
  <testcase name="login" time="7.491" classname="com.scoqa.LoginM"/>
  <testcase name="logoff" time="14.307" classname="com.scoqa.LoginM"/>
  <testcase name="switchToTenant" time="15.010" classname="com.scoqa.LoginM"/>
</testsuite> <!-- com.scoqa.LoginM -->
