<?xml version="1.0" encoding="UTF-8"?>
<!-- Generated by org.testng.reporters.JUnitReportReporter -->
<testsuite name="com.scoqa.LoginM" tests="3" time="69.680" ignored="0" failures="0" timestamp="28 Apr 2017 06:25:35 GMT" skipped="0" hostname="SUPAL-T440S" errors="0">
  <testcase name="login" time="20.936" classname="com.scoqa.LoginM"/>
  <testcase name="switchToTenant" time="26.132" classname="com.scoqa.LoginM"/>
  <testcase name="logoff" time="22.612" classname="com.scoqa.LoginM"/>
</testsuite> <!-- com.scoqa.LoginM -->
