<?xml version="1.0" encoding="UTF-8"?>
<!-- Generated by org.testng.reporters.JUnitReportReporter -->
<testsuite name="com.scoqa.LoginM" tests="3" time="286.431" ignored="0" failures="0" timestamp="29 Apr 2017 10:46:26 GMT" skipped="0" hostname="SUPAL-T440S" errors="0">
  <testcase name="switchToTenant" time="100.053" classname="com.scoqa.LoginM"/>
  <testcase name="login" time="80.039" classname="com.scoqa.LoginM"/>
  <testcase name="logoff" time="106.339" classname="com.scoqa.LoginM"/>
</testsuite> <!-- com.scoqa.LoginM -->
