<?xml version="1.0" encoding="UTF-8"?>
<!-- Generated by org.testng.reporters.JUnitReportReporter -->
<testsuite name="com.scoqa.LoginM" tests="4" time="117.167" ignored="0" failures="0" timestamp="12 May 2017 10:19:16 GMT" skipped="0" hostname="SUPAL-T440S" errors="0">
  <testcase name="switchToTenant" time="24.387" classname="com.scoqa.LoginM"/>
  <testcase name="logoff" time="23.674" classname="com.scoqa.LoginM"/>
  <testcase name="userWithoutProfile" time="47.978" classname="com.scoqa.LoginM"/>
  <testcase name="login" time="21.128" classname="com.scoqa.LoginM"/>
</testsuite> <!-- com.scoqa.LoginM -->
